d:\learn\vs\socketdns\socketdns\socketdns\x64\debug\vc143.pdb
d:\learn\vs\socketdns\socketdns\socketdns\x64\debug\vc143.idb
d:\learn\vs\socketdns\socketdns\socketdns\x64\debug\socketdns.obj
d:\learn\vs\socketdns\socketdns\x64\debug\socketdns.pdb
d:\learn\vs\socketdns\socketdns\socketdns\x64\debug\socketdns.tlog\cl.command.1.tlog
d:\learn\vs\socketdns\socketdns\socketdns\x64\debug\socketdns.tlog\cl.read.1.tlog
d:\learn\vs\socketdns\socketdns\socketdns\x64\debug\socketdns.tlog\cl.write.1.tlog
d:\learn\vs\socketdns\socketdns\socketdns\x64\debug\socketdns.tlog\link-cvtres.read.1.tlog
d:\learn\vs\socketdns\socketdns\socketdns\x64\debug\socketdns.tlog\link-cvtres.write.1.tlog
d:\learn\vs\socketdns\socketdns\socketdns\x64\debug\socketdns.tlog\link-rc.read.1.tlog
d:\learn\vs\socketdns\socketdns\socketdns\x64\debug\socketdns.tlog\link-rc.write.1.tlog
d:\learn\vs\socketdns\socketdns\socketdns\x64\debug\socketdns.tlog\link.2932-cvtres.read.1.tlog
d:\learn\vs\socketdns\socketdns\socketdns\x64\debug\socketdns.tlog\link.2932-cvtres.write.1.tlog
d:\learn\vs\socketdns\socketdns\socketdns\x64\debug\socketdns.tlog\link.2932-rc.read.1.tlog
d:\learn\vs\socketdns\socketdns\socketdns\x64\debug\socketdns.tlog\link.2932-rc.write.1.tlog
d:\learn\vs\socketdns\socketdns\socketdns\x64\debug\socketdns.tlog\link.2932.read.1.tlog
d:\learn\vs\socketdns\socketdns\socketdns\x64\debug\socketdns.tlog\link.2932.read.2.tlog
d:\learn\vs\socketdns\socketdns\socketdns\x64\debug\socketdns.tlog\link.2932.write.1.tlog
d:\learn\vs\socketdns\socketdns\socketdns\x64\debug\socketdns.tlog\link.command.1.tlog
d:\learn\vs\socketdns\socketdns\socketdns\x64\debug\socketdns.tlog\link.read.1.tlog
d:\learn\vs\socketdns\socketdns\socketdns\x64\debug\socketdns.tlog\link.read.2.tlog
d:\learn\vs\socketdns\socketdns\socketdns\x64\debug\socketdns.tlog\link.write.1.tlog
