d:\learn\qt\getdns\getdns\getdns\x64\release\moc_getdns.obj
d:\learn\qt\getdns\getdns\getdns\x64\release\qrc_getdns.obj
d:\learn\qt\getdns\getdns\getdns\x64\release\main.obj
d:\learn\qt\getdns\getdns\getdns\x64\release\getdns.obj
d:\learn\qt\getdns\getdns\getdns\x64\release\uic\ui_getdns.h
d:\learn\qt\getdns\getdns\getdns\x64\release\rcc\qrc_getdns.cpp
d:\learn\qt\getdns\getdns\getdns\x64\release\moc\moc_getdns.cpp
d:\learn\qt\getdns\getdns\getdns\x64\release\\moc\moc_getdns.cpp
d:\learn\qt\getdns\getdns\getdns\x64\release\\rcc\qrc_getdns.cpp
d:\learn\qt\getdns\getdns\getdns\x64\release\\uic\ui_getdns.h
d:\learn\qt\getdns\getdns\getdns\x64\release\getdns.tlog\cl.command.1.tlog
d:\learn\qt\getdns\getdns\getdns\x64\release\getdns.tlog\cl.read.1.tlog
d:\learn\qt\getdns\getdns\getdns\x64\release\getdns.tlog\cl.write.1.tlog
d:\learn\qt\getdns\getdns\getdns\x64\release\getdns.tlog\getdns.write.1u.tlog
d:\learn\qt\getdns\getdns\getdns\x64\release\getdns.tlog\link-cvtres.read.1.tlog
d:\learn\qt\getdns\getdns\getdns\x64\release\getdns.tlog\link-cvtres.write.1.tlog
d:\learn\qt\getdns\getdns\getdns\x64\release\getdns.tlog\link-rc.read.1.tlog
d:\learn\qt\getdns\getdns\getdns\x64\release\getdns.tlog\link-rc.write.1.tlog
d:\learn\qt\getdns\getdns\getdns\x64\release\getdns.tlog\link.command.1.tlog
d:\learn\qt\getdns\getdns\getdns\x64\release\getdns.tlog\link.read.1.tlog
d:\learn\qt\getdns\getdns\getdns\x64\release\getdns.tlog\link.write.1.tlog
d:\learn\qt\getdns\getdns\getdns\x64\release\getdns.tlog\moc.read.1u.tlog
d:\learn\qt\getdns\getdns\getdns\x64\release\getdns.tlog\moc.write.1u.tlog
d:\learn\qt\getdns\getdns\getdns\x64\release\getdns.tlog\rcc.read.1u.tlog
d:\learn\qt\getdns\getdns\getdns\x64\release\getdns.tlog\rcc.write.1u.tlog
d:\learn\qt\getdns\getdns\getdns\x64\release\getdns.tlog\uic.read.1u.tlog
d:\learn\qt\getdns\getdns\getdns\x64\release\getdns.tlog\uic.write.1u.tlog
